<?xml version="1.0" encoding="UTF-8"?>
<!-- Generated by org.testng.reporters.JUnitReportReporter -->
<testsuite hostname="E14-VMISTRY" failures="0" tests="6" name="com.nbcc.qa.testcases.HomePageTest" time="388.323" errors="0" timestamp="2025-04-14T08:36:10 ADT" skipped="0">
  <testcase classname="com.nbcc.qa.testcases.HomePageTest" name="verifyHomePageTitleTest" time="63.830"/>
  <system-out/>
  <testcase classname="com.nbcc.qa.testcases.HomePageTest" name="verifyUserName" time="63.697"/>
  <system-out/>
  <testcase classname="com.nbcc.qa.testcases.HomePageTest" name="verifyRefundPagelink" time="65.129"/>
  <system-out/>
  <testcase classname="com.nbcc.qa.testcases.HomePageTest" name="verifyPaymentPageLink" time="65.364"/>
  <system-out/>
  <testcase classname="com.nbcc.qa.testcases.HomePageTest" name="verifyStudentSelfPageLink" time="65.638"/>
  <system-out/>
  <testcase classname="com.nbcc.qa.testcases.HomePageTest" name="verifyDocumentPageLink" time="64.665"/>
  <system-out/>
</testsuite> <!-- com.nbcc.qa.testcases.HomePageTest -->
