<?xml version="1.0" encoding="UTF-8"?>
<!-- Generated by org.testng.reporters.JUnitReportReporter -->
<testsuite hostname="E14-VMISTRY" failures="0" tests="3" name="com.nbcc.qa.testcases.LoginPageTest" time="66.981" errors="0" timestamp="2025-04-17T11:46:15 ADT" skipped="0">
  <testcase classname="com.nbcc.qa.testcases.LoginPageTest" name="loginPageTitleTest" time="1.439"/>
  <system-out/>
  <testcase classname="com.nbcc.qa.testcases.LoginPageTest" name="NbccLogoImageTest" time="1.971"/>
  <system-out/>
  <testcase classname="com.nbcc.qa.testcases.LoginPageTest" name="signinTest" time="63.571"/>
  <system-out/>
</testsuite> <!-- com.nbcc.qa.testcases.LoginPageTest -->
